[debug] [2019-11-13T20:35:52.923Z] ----------------------------------------------------------------------
[debug] [2019-11-13T20:35:52.926Z] Command:       C:\Program Files\nodejs\node.exe C:\Users\emerson2\AppData\Roaming\npm\node_modules\firebase-tools\lib\bin\firebase.js init
[debug] [2019-11-13T20:35:52.926Z] CLI Version:   7.7.0
[debug] [2019-11-13T20:35:52.926Z] Platform:      win32
[debug] [2019-11-13T20:35:52.926Z] Node Version:  v10.15.3
[debug] [2019-11-13T20:35:52.927Z] Time:          Wed Nov 13 2019 18:35:52 GMT-0200 (GMT-02:00)
[debug] [2019-11-13T20:35:52.927Z] ----------------------------------------------------------------------
[debug] [2019-11-13T20:35:52.927Z] 
[debug] [2019-11-13T20:35:52.935Z] > command requires scopes: ["email","openid","https://www.googleapis.com/auth/cloudplatformprojects.readonly","https://www.googleapis.com/auth/firebase","https://www.googleapis.com/auth/cloud-platform"]
[debug] [2019-11-13T20:35:52.935Z] > authorizing via signed-in user
[info] 
     ######## #### ########  ######## ########     ###     ######  ########
     ##        ##  ##     ## ##       ##     ##  ##   ##  ##       ##
     ######    ##  ########  ######   ########  #########  ######  ######
     ##        ##  ##    ##  ##       ##     ## ##     ##       ## ##
     ##       #### ##     ## ######## ########  ##     ##  ######  ########

You're about to initialize a Firebase project in this directory:

  C:\Users\emerson2\Documents\IEC\Merit-front

Before we get started, keep in mind:

  * You are initializing in an existing Firebase project directory

[info] 
=== Project Setup
[info] 
[info] First, let's associate this project directory with a Firebase project.
[info] You can create multiple project aliases by running firebase use --add, 
[info] but for now we'll just set up a default project.
[info] 
[info] i  .firebaserc already has a default project, using merit-95628.
[debug] [2019-11-13T20:36:05.259Z] >>> HTTP REQUEST GET https://firebase.googleapis.com/v1beta1/projects/merit-95628  
 
[debug] [2019-11-13T20:36:06.591Z] <<< HTTP RESPONSE 200
[info] 
=== Hosting Setup
[info] 
[info] Your public directory is the folder (relative to your project directory) that
[info] will contain Hosting assets to be uploaded with firebase deploy. If you
[info] have a build process for your assets, use your build's output directory.
[info] 
